mode: set
github.com/fallofpheonix/PhoenixMind/intelligence/analytics.go:56.38,60.2 1 1
github.com/fallofpheonix/PhoenixMind/intelligence/analytics.go:64.103,74.32 5 1
github.com/fallofpheonix/PhoenixMind/intelligence/analytics.go:74.32,76.3 1 1
github.com/fallofpheonix/PhoenixMind/intelligence/analytics.go:78.2,88.20 4 1
github.com/fallofpheonix/PhoenixMind/intelligence/analytics.go:92.41,94.32 2 1
github.com/fallofpheonix/PhoenixMind/intelligence/analytics.go:94.32,95.35 1 1
github.com/fallofpheonix/PhoenixMind/intelligence/analytics.go:95.35,97.4 1 1
github.com/fallofpheonix/PhoenixMind/intelligence/analytics.go:97.9,97.43 1 1
github.com/fallofpheonix/PhoenixMind/intelligence/analytics.go:97.43,99.4 1 1
github.com/fallofpheonix/PhoenixMind/intelligence/analytics.go:102.2,102.19 1 1
github.com/fallofpheonix/PhoenixMind/intelligence/analytics.go:102.19,104.3 1 1
github.com/fallofpheonix/PhoenixMind/intelligence/analytics.go:108.47,120.2 5 1
github.com/fallofpheonix/PhoenixMind/intelligence/brain_integration.go:34.65,42.13 5 1
github.com/fallofpheonix/PhoenixMind/intelligence/brain_integration.go:42.13,45.3 2 0
github.com/fallofpheonix/PhoenixMind/intelligence/brain_integration.go:48.2,48.29 1 1
github.com/fallofpheonix/PhoenixMind/intelligence/brain_integration.go:48.29,50.69 2 1
github.com/fallofpheonix/PhoenixMind/intelligence/brain_integration.go:50.69,52.4 1 0
github.com/fallofpheonix/PhoenixMind/intelligence/brain_integration.go:56.2,56.30 1 1
github.com/fallofpheonix/PhoenixMind/intelligence/brain_integration.go:56.30,59.78 3 1
github.com/fallofpheonix/PhoenixMind/intelligence/brain_integration.go:59.78,61.4 1 0
github.com/fallofpheonix/PhoenixMind/intelligence/brain_integration.go:68.2,68.57 1 1
github.com/fallofpheonix/PhoenixMind/intelligence/feature.go:66.41,66.61 1 1
github.com/fallofpheonix/PhoenixMind/intelligence/feature.go:76.80,78.2 1 1
github.com/fallofpheonix/PhoenixMind/intelligence/feature.go:85.37,85.53 1 0
github.com/fallofpheonix/PhoenixMind/intelligence/feature.go:95.72,102.2 2 0
github.com/fallofpheonix/PhoenixMind/intelligence/feature.go:112.102,115.43 3 0
github.com/fallofpheonix/PhoenixMind/intelligence/feature.go:115.43,117.29 2 0
github.com/fallofpheonix/PhoenixMind/intelligence/feature.go:117.29,119.4 1 0
github.com/fallofpheonix/PhoenixMind/intelligence/feature.go:120.3,121.107 2 0
github.com/fallofpheonix/PhoenixMind/intelligence/feature.go:121.107,123.4 1 0
github.com/fallofpheonix/PhoenixMind/intelligence/feature.go:131.41,131.61 1 0
github.com/fallofpheonix/PhoenixMind/intelligence/feature.go:141.140,144.2 2 0
github.com/fallofpheonix/PhoenixMind/intelligence/feature.go:161.40,161.59 1 1
github.com/fallofpheonix/PhoenixMind/intelligence/feature.go:163.46,163.74 1 1
github.com/fallofpheonix/PhoenixMind/intelligence/feature.go:184.3,201.23 5 1
github.com/fallofpheonix/PhoenixMind/intelligence/feature.go:201.23,215.3 4 1
github.com/fallofpheonix/PhoenixMind/intelligence/feature.go:217.2,217.84 1 0
github.com/fallofpheonix/PhoenixMind/intelligence/feature.go:217.84,219.170 2 0
github.com/fallofpheonix/PhoenixMind/intelligence/feature.go:219.170,221.4 1 0
github.com/fallofpheonix/PhoenixMind/intelligence/feature.go:229.41,229.61 1 0
github.com/fallofpheonix/PhoenixMind/intelligence/feature.go:239.46,241.16 2 0
github.com/fallofpheonix/PhoenixMind/intelligence/feature.go:241.16,243.3 1 0
github.com/fallofpheonix/PhoenixMind/intelligence/feature.go:244.2,244.24 1 0
github.com/fallofpheonix/PhoenixMind/intelligence/feature.go:251.40,251.59 1 1
github.com/fallofpheonix/PhoenixMind/intelligence/feature.go:259.52,259.84 1 0
github.com/fallofpheonix/PhoenixMind/intelligence/feature.go:267.53,267.86 1 0
github.com/fallofpheonix/PhoenixMind/intelligence/feature.go:274.52,274.84 1 0
github.com/fallofpheonix/PhoenixMind/intelligence/feature.go:281.49,281.78 1 0
github.com/fallofpheonix/PhoenixMind/intelligence/feature.go:295.43,295.69 1 1
github.com/fallofpheonix/PhoenixMind/intelligence/governance.go:64.48,74.2 3 1
github.com/fallofpheonix/PhoenixMind/intelligence/governance.go:77.49,79.21 2 1
github.com/fallofpheonix/PhoenixMind/intelligence/governance.go:79.21,91.30 6 0
github.com/fallofpheonix/PhoenixMind/intelligence/governance.go:91.30,93.4 1 0
github.com/fallofpheonix/PhoenixMind/intelligence/governance.go:94.3,94.17 1 0
github.com/fallofpheonix/PhoenixMind/intelligence/governance.go:100.80,105.9 4 1
github.com/fallofpheonix/PhoenixMind/intelligence/governance.go:105.9,108.3 2 1
github.com/fallofpheonix/PhoenixMind/intelligence/governance.go:110.2,113.14 3 1
github.com/fallofpheonix/PhoenixMind/intelligence/governance.go:113.14,115.3 1 1
github.com/fallofpheonix/PhoenixMind/intelligence/governance.go:115.8,118.20 2 1
github.com/fallofpheonix/PhoenixMind/intelligence/governance.go:118.20,120.4 1 0
github.com/fallofpheonix/PhoenixMind/intelligence/governance.go:122.2,122.34 1 1
github.com/fallofpheonix/PhoenixMind/intelligence/governance.go:126.69,130.39 3 1
github.com/fallofpheonix/PhoenixMind/intelligence/governance.go:130.39,132.3 1 1
github.com/fallofpheonix/PhoenixMind/intelligence/governance.go:133.2,133.12 1 1
github.com/fallofpheonix/PhoenixMind/intelligence/governance.go:137.69,141.2 3 1
github.com/fallofpheonix/PhoenixMind/intelligence/governance.go:144.75,148.51 3 1
github.com/fallofpheonix/PhoenixMind/intelligence/governance.go:148.51,154.3 4 1
github.com/fallofpheonix/PhoenixMind/intelligence/governance.go:158.88,163.16 4 1
github.com/fallofpheonix/PhoenixMind/intelligence/governance.go:163.16,175.3 3 1
github.com/fallofpheonix/PhoenixMind/intelligence/governance.go:179.60,183.39 3 1
github.com/fallofpheonix/PhoenixMind/intelligence/governance.go:183.39,185.3 1 0
github.com/fallofpheonix/PhoenixMind/intelligence/governance.go:187.2,188.44 2 1
github.com/fallofpheonix/PhoenixMind/intelligence/governance.go:188.44,190.3 1 1
github.com/fallofpheonix/PhoenixMind/intelligence/governance.go:191.2,191.60 1 1
github.com/fallofpheonix/PhoenixMind/intelligence/nexus_bridge.go:61.54,67.2 1 1
github.com/fallofpheonix/PhoenixMind/intelligence/nexus_bridge.go:70.37,72.2 1 0
github.com/fallofpheonix/PhoenixMind/intelligence/nexus_bridge.go:75.122,89.2 4 1
github.com/fallofpheonix/PhoenixMind/intelligence/nexus_bridge.go:100.131,132.16 5 1
github.com/fallofpheonix/PhoenixMind/intelligence/nexus_bridge.go:132.16,134.3 1 0
github.com/fallofpheonix/PhoenixMind/intelligence/nexus_bridge.go:135.2,136.20 2 1
github.com/fallofpheonix/PhoenixMind/intelligence/nexus_bridge.go:136.20,138.3 1 0
github.com/fallofpheonix/PhoenixMind/intelligence/nexus_bridge.go:140.2,141.16 2 1
github.com/fallofpheonix/PhoenixMind/intelligence/nexus_bridge.go:141.16,143.3 1 1
github.com/fallofpheonix/PhoenixMind/intelligence/nexus_bridge.go:144.2,144.15 1 0
github.com/fallofpheonix/PhoenixMind/intelligence/nexus_bridge.go:144.15,145.53 1 0
github.com/fallofpheonix/PhoenixMind/intelligence/nexus_bridge.go:145.53,147.4 1 0
github.com/fallofpheonix/PhoenixMind/intelligence/nexus_bridge.go:150.2,151.16 2 0
github.com/fallofpheonix/PhoenixMind/intelligence/nexus_bridge.go:151.16,153.3 1 0
github.com/fallofpheonix/PhoenixMind/intelligence/nexus_bridge.go:156.2,164.59 2 0
github.com/fallofpheonix/PhoenixMind/intelligence/nexus_bridge.go:164.59,166.3 1 0
github.com/fallofpheonix/PhoenixMind/intelligence/nexus_bridge.go:168.2,168.35 1 0
github.com/fallofpheonix/PhoenixMind/intelligence/nexus_bridge.go:168.35,170.3 1 0
github.com/fallofpheonix/PhoenixMind/intelligence/nexus_bridge.go:173.2,177.17 3 0
github.com/fallofpheonix/PhoenixMind/intelligence/nexus_bridge.go:177.17,179.3 1 0
github.com/fallofpheonix/PhoenixMind/intelligence/nexus_bridge.go:181.2,182.68 2 0
github.com/fallofpheonix/PhoenixMind/intelligence/nexus_bridge.go:182.68,184.3 1 0
github.com/fallofpheonix/PhoenixMind/intelligence/nexus_bridge.go:186.2,186.23 1 0
github.com/fallofpheonix/PhoenixMind/intelligence/orchestrator.go:88.56,132.2 8 1
github.com/fallofpheonix/PhoenixMind/intelligence/orchestrator.go:142.53,144.2 1 1
github.com/fallofpheonix/PhoenixMind/intelligence/orchestrator.go:154.58,156.2 1 1
github.com/fallofpheonix/PhoenixMind/intelligence/orchestrator.go:167.132,171.47 3 0
github.com/fallofpheonix/PhoenixMind/intelligence/orchestrator.go:171.47,173.3 1 0
github.com/fallofpheonix/PhoenixMind/intelligence/orchestrator.go:175.2,176.12 2 0
github.com/fallofpheonix/PhoenixMind/intelligence/orchestrator.go:176.12,179.7 3 0
github.com/fallofpheonix/PhoenixMind/intelligence/orchestrator.go:179.7,180.11 1 0
github.com/fallofpheonix/PhoenixMind/intelligence/orchestrator.go:181.22,182.11 1 0
github.com/fallofpheonix/PhoenixMind/intelligence/orchestrator.go:183.12,186.23 2 0
github.com/fallofpheonix/PhoenixMind/intelligence/orchestrator.go:186.23,188.6 1 0
github.com/fallofpheonix/PhoenixMind/intelligence/orchestrator.go:189.5,189.33 1 0
github.com/fallofpheonix/PhoenixMind/intelligence/orchestrator.go:194.2,194.12 1 0
github.com/fallofpheonix/PhoenixMind/intelligence/orchestrator.go:206.43,207.24 1 0
github.com/fallofpheonix/PhoenixMind/intelligence/orchestrator.go:207.24,208.44 1 0
github.com/fallofpheonix/PhoenixMind/intelligence/orchestrator.go:208.44,210.4 1 0
github.com/fallofpheonix/PhoenixMind/intelligence/orchestrator.go:222.43,229.21 5 1
github.com/fallofpheonix/PhoenixMind/intelligence/orchestrator.go:229.21,232.3 1 0
github.com/fallofpheonix/PhoenixMind/intelligence/orchestrator.go:244.88,256.12 8 1
github.com/fallofpheonix/PhoenixMind/intelligence/orchestrator.go:256.12,258.3 1 1
github.com/fallofpheonix/PhoenixMind/intelligence/orchestrator.go:261.2,270.35 4 1
github.com/fallofpheonix/PhoenixMind/intelligence/orchestrator.go:270.35,272.3 1 1
github.com/fallofpheonix/PhoenixMind/intelligence/orchestrator.go:277.88,278.26 1 1
github.com/fallofpheonix/PhoenixMind/intelligence/orchestrator.go:278.26,289.3 3 1
github.com/fallofpheonix/PhoenixMind/intelligence/orchestrator.go:291.2,291.29 1 1
github.com/fallofpheonix/PhoenixMind/intelligence/orchestrator.go:291.29,294.27 3 1
github.com/fallofpheonix/PhoenixMind/intelligence/orchestrator.go:294.27,296.4 1 0
github.com/fallofpheonix/PhoenixMind/intelligence/orchestrator.go:297.3,297.69 1 1
github.com/fallofpheonix/PhoenixMind/intelligence/orchestrator.go:303.84,305.67 2 1
github.com/fallofpheonix/PhoenixMind/intelligence/orchestrator.go:305.67,313.61 5 1
github.com/fallofpheonix/PhoenixMind/intelligence/orchestrator.go:313.61,315.4 1 0
github.com/fallofpheonix/PhoenixMind/intelligence/orchestrator.go:316.8,318.3 1 1
github.com/fallofpheonix/PhoenixMind/intelligence/orchestrator.go:319.2,319.14 1 1
github.com/fallofpheonix/PhoenixMind/intelligence/orchestrator.go:324.109,326.51 2 1
github.com/fallofpheonix/PhoenixMind/intelligence/orchestrator.go:326.51,328.29 2 0
github.com/fallofpheonix/PhoenixMind/intelligence/orchestrator.go:328.29,330.4 1 0
github.com/fallofpheonix/PhoenixMind/intelligence/orchestrator.go:332.2,332.17 1 1
github.com/fallofpheonix/PhoenixMind/intelligence/orchestrator.go:337.135,338.67 1 1
github.com/fallofpheonix/PhoenixMind/intelligence/orchestrator.go:338.67,340.3 1 1
github.com/fallofpheonix/PhoenixMind/intelligence/orchestrator.go:341.2,341.50 1 1
github.com/fallofpheonix/PhoenixMind/intelligence/orchestrator.go:355.3,360.40 3 1
github.com/fallofpheonix/PhoenixMind/intelligence/orchestrator.go:360.40,363.82 3 1
github.com/fallofpheonix/PhoenixMind/intelligence/orchestrator.go:363.82,366.4 2 1
github.com/fallofpheonix/PhoenixMind/intelligence/orchestrator.go:368.3,368.32 1 1
github.com/fallofpheonix/PhoenixMind/intelligence/orchestrator.go:368.32,371.4 2 0
github.com/fallofpheonix/PhoenixMind/intelligence/orchestrator.go:374.2,375.12 2 1
github.com/fallofpheonix/PhoenixMind/intelligence/orchestrator.go:375.12,380.40 4 1
github.com/fallofpheonix/PhoenixMind/intelligence/orchestrator.go:380.40,382.4 1 1
github.com/fallofpheonix/PhoenixMind/intelligence/orchestrator.go:384.3,385.60 2 1
github.com/fallofpheonix/PhoenixMind/intelligence/orchestrator.go:385.60,387.4 1 0
github.com/fallofpheonix/PhoenixMind/intelligence/orchestrator.go:390.3,390.37 1 1
github.com/fallofpheonix/PhoenixMind/intelligence/orchestrator.go:390.37,392.67 2 1
github.com/fallofpheonix/PhoenixMind/intelligence/orchestrator.go:392.67,394.5 1 1
github.com/fallofpheonix/PhoenixMind/intelligence/orchestrator.go:397.3,398.17 2 1
github.com/fallofpheonix/PhoenixMind/intelligence/orchestrator.go:398.17,401.4 2 1
github.com/fallofpheonix/PhoenixMind/intelligence/orchestrator.go:404.3,404.40 1 1
github.com/fallofpheonix/PhoenixMind/intelligence/orchestrator.go:404.40,411.4 3 1
github.com/fallofpheonix/PhoenixMind/intelligence/orchestrator.go:413.3,413.15 1 1
github.com/fallofpheonix/PhoenixMind/intelligence/orchestrator.go:413.15,416.4 2 0
github.com/fallofpheonix/PhoenixMind/intelligence/orchestrator.go:419.3,419.38 1 1
github.com/fallofpheonix/PhoenixMind/intelligence/orchestrator.go:419.38,424.25 4 1
github.com/fallofpheonix/PhoenixMind/intelligence/orchestrator.go:424.25,426.5 1 0
github.com/fallofpheonix/PhoenixMind/intelligence/orchestrator.go:429.4,444.31 6 1
github.com/fallofpheonix/PhoenixMind/intelligence/orchestrator.go:444.31,445.84 1 1
github.com/fallofpheonix/PhoenixMind/intelligence/orchestrator.go:445.84,448.6 2 0
github.com/fallofpheonix/PhoenixMind/intelligence/orchestrator.go:451.4,454.25 3 1
github.com/fallofpheonix/PhoenixMind/intelligence/orchestrator.go:454.25,456.5 1 1
github.com/fallofpheonix/PhoenixMind/intelligence/predictive_advisor.go:46.96,47.19 1 1
github.com/fallofpheonix/PhoenixMind/intelligence/predictive_advisor.go:47.19,49.3 1 0
github.com/fallofpheonix/PhoenixMind/intelligence/predictive_advisor.go:50.2,51.16 2 1
github.com/fallofpheonix/PhoenixMind/intelligence/predictive_advisor.go:51.16,53.3 1 0
github.com/fallofpheonix/PhoenixMind/intelligence/predictive_advisor.go:54.2,58.8 1 1
github.com/fallofpheonix/PhoenixMind/intelligence/predictive_advisor.go:73.65,74.23 1 0
github.com/fallofpheonix/PhoenixMind/intelligence/predictive_advisor.go:74.23,76.3 1 0
github.com/fallofpheonix/PhoenixMind/intelligence/predictive_advisor.go:77.2,77.29 1 0
github.com/fallofpheonix/PhoenixMind/intelligence/predictive_advisor.go:77.29,79.3 1 0
github.com/fallofpheonix/PhoenixMind/intelligence/predictive_advisor.go:80.2,81.18 2 0
github.com/fallofpheonix/PhoenixMind/intelligence/predictive_advisor.go:81.18,83.3 1 0
github.com/fallofpheonix/PhoenixMind/intelligence/predictive_advisor.go:84.2,84.15 1 0
github.com/fallofpheonix/PhoenixMind/intelligence/predictive_advisor.go:97.83,106.16 3 0
github.com/fallofpheonix/PhoenixMind/intelligence/predictive_advisor.go:106.16,109.3 2 0
github.com/fallofpheonix/PhoenixMind/intelligence/predictive_advisor.go:110.2,112.64 3 0
github.com/fallofpheonix/PhoenixMind/intelligence/predictive_advisor.go:112.64,114.3 1 0
github.com/fallofpheonix/PhoenixMind/intelligence/predictive_advisor.go:127.44,128.23 1 0
github.com/fallofpheonix/PhoenixMind/intelligence/predictive_advisor.go:128.23,130.3 1 0
github.com/fallofpheonix/PhoenixMind/intelligence/predictive_advisor.go:131.2,131.12 1 0
github.com/fallofpheonix/PhoenixMind/intelligence/reasoning.go:53.94,59.2 1 1
github.com/fallofpheonix/PhoenixMind/intelligence/reasoning.go:70.82,73.16 2 1
github.com/fallofpheonix/PhoenixMind/intelligence/reasoning.go:73.16,76.3 2 0
github.com/fallofpheonix/PhoenixMind/intelligence/reasoning.go:79.2,86.16 3 1
github.com/fallofpheonix/PhoenixMind/intelligence/reasoning.go:86.16,89.3 2 0
github.com/fallofpheonix/PhoenixMind/intelligence/reasoning.go:92.2,95.96 3 1
github.com/fallofpheonix/PhoenixMind/intelligence/reasoning.go:95.96,97.3 1 0
github.com/fallofpheonix/PhoenixMind/intelligence/reasoning.go:97.8,99.3 1 1
github.com/fallofpheonix/PhoenixMind/intelligence/recovery.go:31.44,36.2 1 1
github.com/fallofpheonix/PhoenixMind/intelligence/recovery.go:40.69,47.31 5 1
github.com/fallofpheonix/PhoenixMind/intelligence/recovery.go:47.31,50.3 2 1
github.com/fallofpheonix/PhoenixMind/intelligence/recovery.go:52.2,59.12 2 1
github.com/fallofpheonix/PhoenixMind/intelligence/recovery.go:63.53,67.2 3 0
