mode: set
github.com/fallofpheonix/Phoenix.Cognition/knowledge/belief.go:51.38,55.2 1 1
github.com/fallofpheonix/Phoenix.Cognition/knowledge/belief.go:61.43,66.20 4 1
github.com/fallofpheonix/Phoenix.Cognition/knowledge/belief.go:66.20,68.3 1 1
github.com/fallofpheonix/Phoenix.Cognition/knowledge/belief.go:70.2,70.23 1 1
github.com/fallofpheonix/Phoenix.Cognition/knowledge/belief.go:70.23,72.3 1 1
github.com/fallofpheonix/Phoenix.Cognition/knowledge/belief.go:73.2,73.48 1 1
github.com/fallofpheonix/Phoenix.Cognition/knowledge/belief.go:79.62,84.31 4 1
github.com/fallofpheonix/Phoenix.Cognition/knowledge/belief.go:84.31,86.3 1 1
github.com/fallofpheonix/Phoenix.Cognition/knowledge/belief.go:87.2,87.40 1 1
github.com/fallofpheonix/Phoenix.Cognition/knowledge/belief.go:95.77,96.27 1 1
github.com/fallofpheonix/Phoenix.Cognition/knowledge/belief.go:96.27,97.35 1 1
github.com/fallofpheonix/Phoenix.Cognition/knowledge/belief.go:97.35,98.12 1 1
github.com/fallofpheonix/Phoenix.Cognition/knowledge/belief.go:100.3,101.55 2 1
github.com/fallofpheonix/Phoenix.Cognition/knowledge/belief.go:101.55,103.4 1 1
github.com/fallofpheonix/Phoenix.Cognition/knowledge/belief.go:105.3,106.49 2 1
github.com/fallofpheonix/Phoenix.Cognition/knowledge/belief.go:106.49,108.4 1 0
github.com/fallofpheonix/Phoenix.Cognition/knowledge/belief.go:110.3,117.5 1 1
github.com/fallofpheonix/Phoenix.Cognition/knowledge/belief.go:119.2,119.12 1 1
github.com/fallofpheonix/Phoenix.Cognition/knowledge/graph.go:49.24,54.2 1 1
github.com/fallofpheonix/Phoenix.Cognition/knowledge/graph.go:58.41,62.2 3 1
github.com/fallofpheonix/Phoenix.Cognition/knowledge/graph.go:67.80,76.2 3 1
github.com/fallofpheonix/Phoenix.Cognition/knowledge/graph.go:83.69,84.27 1 1
github.com/fallofpheonix/Phoenix.Cognition/knowledge/graph.go:84.27,85.41 1 1
github.com/fallofpheonix/Phoenix.Cognition/knowledge/graph.go:85.41,86.12 1 1
github.com/fallofpheonix/Phoenix.Cognition/knowledge/graph.go:88.3,89.55 2 1
github.com/fallofpheonix/Phoenix.Cognition/knowledge/graph.go:89.55,91.4 1 1
github.com/fallofpheonix/Phoenix.Cognition/knowledge/graph.go:92.3,92.66 1 1
github.com/fallofpheonix/Phoenix.Cognition/knowledge/graph.go:94.2,94.12 1 1
