mode: set
github.com/fallofpheonix/Phoenix.Cognition/memory/memory.go:45.26,49.2 1 1
github.com/fallofpheonix/Phoenix.Cognition/memory/memory.go:54.33,56.23 2 1
github.com/fallofpheonix/Phoenix.Cognition/memory/memory.go:56.23,58.3 1 1
github.com/fallofpheonix/Phoenix.Cognition/memory/memory.go:59.2,59.42 1 1
github.com/fallofpheonix/Phoenix.Cognition/memory/memory.go:65.50,67.31 2 1
github.com/fallofpheonix/Phoenix.Cognition/memory/memory.go:67.31,69.3 1 1
github.com/fallofpheonix/Phoenix.Cognition/memory/memory.go:70.2,70.40 1 1
github.com/fallofpheonix/Phoenix.Cognition/memory/memory.go:77.73,79.9 2 1
github.com/fallofpheonix/Phoenix.Cognition/memory/memory.go:79.9,81.3 1 1
github.com/fallofpheonix/Phoenix.Cognition/memory/memory.go:82.2,82.29 1 1
github.com/fallofpheonix/Phoenix.Cognition/memory/memory.go:82.29,83.27 1 1
github.com/fallofpheonix/Phoenix.Cognition/memory/memory.go:83.27,85.4 1 1
github.com/fallofpheonix/Phoenix.Cognition/memory/memory.go:87.2,87.19 1 1
github.com/fallofpheonix/Phoenix.Cognition/memory/replay.go:21.70,22.27 1 1
github.com/fallofpheonix/Phoenix.Cognition/memory/replay.go:22.27,23.17 1 1
github.com/fallofpheonix/Phoenix.Cognition/memory/replay.go:24.49,28.56 2 1
github.com/fallofpheonix/Phoenix.Cognition/memory/replay.go:28.56,31.5 1 1
github.com/fallofpheonix/Phoenix.Cognition/memory/replay.go:34.4,35.45 2 1
github.com/fallofpheonix/Phoenix.Cognition/memory/replay.go:35.45,37.5 1 1
github.com/fallofpheonix/Phoenix.Cognition/memory/replay.go:39.4,46.17 2 1
github.com/fallofpheonix/Phoenix.Cognition/memory/replay.go:49.2,49.12 1 1
github.com/fallofpheonix/Phoenix.Cognition/memory/sqlite_store.go:30.58,32.16 2 1
github.com/fallofpheonix/Phoenix.Cognition/memory/sqlite_store.go:32.16,34.3 1 0
github.com/fallofpheonix/Phoenix.Cognition/memory/sqlite_store.go:36.2,40.49 2 1
github.com/fallofpheonix/Phoenix.Cognition/memory/sqlite_store.go:40.49,42.3 1 1
github.com/fallofpheonix/Phoenix.Cognition/memory/sqlite_store.go:44.2,45.19 2 1
github.com/fallofpheonix/Phoenix.Cognition/memory/sqlite_store.go:51.48,82.16 3 1
github.com/fallofpheonix/Phoenix.Cognition/memory/sqlite_store.go:82.16,84.3 1 1
github.com/fallofpheonix/Phoenix.Cognition/memory/sqlite_store.go:85.2,85.12 1 1
github.com/fallofpheonix/Phoenix.Cognition/memory/sqlite_store.go:92.82,97.14 4 1
github.com/fallofpheonix/Phoenix.Cognition/memory/sqlite_store.go:98.20,99.32 1 1
github.com/fallofpheonix/Phoenix.Cognition/memory/sqlite_store.go:100.20,101.32 1 1
github.com/fallofpheonix/Phoenix.Cognition/memory/sqlite_store.go:102.22,103.34 1 1
github.com/fallofpheonix/Phoenix.Cognition/memory/sqlite_store.go:104.10,105.62 1 1
github.com/fallofpheonix/Phoenix.Cognition/memory/sqlite_store.go:108.2,109.22 2 1
github.com/fallofpheonix/Phoenix.Cognition/memory/sqlite_store.go:109.22,111.3 1 1
github.com/fallofpheonix/Phoenix.Cognition/memory/sqlite_store.go:113.2,113.26 1 1
github.com/fallofpheonix/Phoenix.Cognition/memory/sqlite_store.go:113.26,127.3 3 1
github.com/fallofpheonix/Phoenix.Cognition/memory/sqlite_store.go:127.8,140.3 3 1
github.com/fallofpheonix/Phoenix.Cognition/memory/sqlite_store.go:147.79,154.100 5 1
github.com/fallofpheonix/Phoenix.Cognition/memory/sqlite_store.go:154.100,155.27 1 1
github.com/fallofpheonix/Phoenix.Cognition/memory/sqlite_store.go:155.27,157.4 1 1
github.com/fallofpheonix/Phoenix.Cognition/memory/sqlite_store.go:158.3,158.18 1 0
github.com/fallofpheonix/Phoenix.Cognition/memory/sqlite_store.go:161.2,161.16 1 1
github.com/fallofpheonix/Phoenix.Cognition/memory/sqlite_store.go:166.37,168.2 1 1
github.com/fallofpheonix/Phoenix.Cognition/memory/tiered.go:44.38,51.2 1 1
github.com/fallofpheonix/Phoenix.Cognition/memory/tiered.go:55.41,59.2 3 1
github.com/fallofpheonix/Phoenix.Cognition/memory/tiered.go:65.61,70.9 4 1
github.com/fallofpheonix/Phoenix.Cognition/memory/tiered.go:70.9,72.3 1 1
github.com/fallofpheonix/Phoenix.Cognition/memory/tiered.go:74.2,76.16 2 1
github.com/fallofpheonix/Phoenix.Cognition/memory/tiered.go:77.20,78.39 1 0
github.com/fallofpheonix/Phoenix.Cognition/memory/tiered.go:79.20,80.22 1 1
github.com/fallofpheonix/Phoenix.Cognition/memory/tiered.go:81.22,82.24 1 0
github.com/fallofpheonix/Phoenix.Cognition/memory/tiered.go:86.2,86.21 1 1
github.com/fallofpheonix/Phoenix.Cognition/memory/tiered.go:86.21,87.23 1 1
github.com/fallofpheonix/Phoenix.Cognition/memory/tiered.go:87.23,88.66 1 1
github.com/fallofpheonix/Phoenix.Cognition/memory/tiered.go:88.66,90.5 1 0
github.com/fallofpheonix/Phoenix.Cognition/memory/tiered.go:98.50,102.32 3 1
github.com/fallofpheonix/Phoenix.Cognition/memory/tiered.go:102.32,103.40 1 1
github.com/fallofpheonix/Phoenix.Cognition/memory/tiered.go:103.40,105.4 1 1
github.com/fallofpheonix/Phoenix.Cognition/memory/tiered.go:112.57,116.33 3 1
github.com/fallofpheonix/Phoenix.Cognition/memory/tiered.go:116.33,118.3 1 1
github.com/fallofpheonix/Phoenix.Cognition/memory/tiered.go:119.2,119.34 1 1
github.com/fallofpheonix/Phoenix.Cognition/memory/tiered.go:119.34,121.3 1 0
github.com/fallofpheonix/Phoenix.Cognition/memory/tiered.go:122.2,122.36 1 1
github.com/fallofpheonix/Phoenix.Cognition/memory/tiered.go:122.36,124.3 1 0
github.com/fallofpheonix/Phoenix.Cognition/memory/tiered.go:127.2,127.32 1 1
github.com/fallofpheonix/Phoenix.Cognition/memory/tiered.go:127.32,128.17 1 1
github.com/fallofpheonix/Phoenix.Cognition/memory/tiered.go:128.17,130.4 1 1
github.com/fallofpheonix/Phoenix.Cognition/memory/tiered.go:133.2,133.19 1 1
