mode: set
github.com/fallofpheonix/Phoenix.Cognition/reflection/drift.go:25.69,29.2 1 1
github.com/fallofpheonix/Phoenix.Cognition/reflection/drift.go:35.65,43.23 5 1
github.com/fallofpheonix/Phoenix.Cognition/reflection/drift.go:43.23,45.29 2 1
github.com/fallofpheonix/Phoenix.Cognition/reflection/drift.go:45.29,47.4 1 1
github.com/fallofpheonix/Phoenix.Cognition/reflection/drift.go:54.39,60.2 5 1
github.com/fallofpheonix/Phoenix.Cognition/reflection/prediction.go:39.26,44.2 1 1
github.com/fallofpheonix/Phoenix.Cognition/reflection/prediction.go:49.78,56.2 1 1
github.com/fallofpheonix/Phoenix.Cognition/reflection/prediction.go:63.74,65.9 2 1
github.com/fallofpheonix/Phoenix.Cognition/reflection/prediction.go:65.9,67.3 1 0
github.com/fallofpheonix/Phoenix.Cognition/reflection/prediction.go:69.2,74.23 3 1
github.com/fallofpheonix/Phoenix.Cognition/reflection/prediction.go:74.23,76.3 1 1
github.com/fallofpheonix/Phoenix.Cognition/reflection/prediction.go:77.2,83.3 2 1
github.com/fallofpheonix/Phoenix.Cognition/reflection/prediction.go:88.59,89.44 1 1
github.com/fallofpheonix/Phoenix.Cognition/reflection/prediction.go:89.44,90.35 1 1
github.com/fallofpheonix/Phoenix.Cognition/reflection/prediction.go:90.35,92.4 1 1
github.com/fallofpheonix/Phoenix.Cognition/reflection/prediction.go:93.3,93.13 1 1
github.com/fallofpheonix/Phoenix.Cognition/reflection/prediction.go:96.2,98.26 3 1
github.com/fallofpheonix/Phoenix.Cognition/reflection/prediction.go:98.26,100.3 1 0
github.com/fallofpheonix/Phoenix.Cognition/reflection/prediction.go:102.2,102.30 1 1
github.com/fallofpheonix/Phoenix.Cognition/reflection/prediction.go:102.30,103.31 1 1
github.com/fallofpheonix/Phoenix.Cognition/reflection/prediction.go:103.31,105.4 1 1
github.com/fallofpheonix/Phoenix.Cognition/reflection/prediction.go:109.2,110.17 2 1
github.com/fallofpheonix/Phoenix.Cognition/reflection/prediction.go:110.17,112.3 1 1
github.com/fallofpheonix/Phoenix.Cognition/reflection/prediction.go:113.2,116.26 3 1
github.com/fallofpheonix/Phoenix.Cognition/reflection/prediction.go:116.26,118.3 1 1
github.com/fallofpheonix/Phoenix.Cognition/reflection/prediction.go:120.2,120.40 1 1
github.com/fallofpheonix/Phoenix.Cognition/reflection/prediction.go:131.55,132.30 1 1
github.com/fallofpheonix/Phoenix.Cognition/reflection/prediction.go:132.30,134.3 1 1
github.com/fallofpheonix/Phoenix.Cognition/reflection/prediction.go:135.2,135.64 1 1
github.com/fallofpheonix/Phoenix.Cognition/reflection/prediction.go:142.79,143.27 1 1
github.com/fallofpheonix/Phoenix.Cognition/reflection/prediction.go:143.27,144.39 1 1
github.com/fallofpheonix/Phoenix.Cognition/reflection/prediction.go:144.39,145.12 1 1
github.com/fallofpheonix/Phoenix.Cognition/reflection/prediction.go:147.3,147.24 1 1
github.com/fallofpheonix/Phoenix.Cognition/reflection/prediction.go:149.2,149.12 1 1
