mode: set
sentinel/telemetry/bus/src/main.go:12.30,16.2 1 1
sentinel/telemetry/bus/src/main.go:18.61,25.2 5 1
sentinel/telemetry/bus/src/main.go:27.61,31.49 3 1
sentinel/telemetry/bus/src/main.go:31.49,32.34 1 1
sentinel/telemetry/bus/src/main.go:32.34,33.11 1 1
sentinel/telemetry/bus/src/main.go:34.21,34.21 0 1
sentinel/telemetry/bus/src/main.go:35.12,35.12 0 0
sentinel/telemetry/bus/src/main.go:42.13,47.12 3 0
sentinel/telemetry/bus/src/main.go:47.12,49.3 1 0
sentinel/telemetry/bus/src/main.go:51.2,51.6 1 0
