mode: set
sentinel/telemetry/entropy_engine/src/main.go:17.56,18.20 1 1
sentinel/telemetry/entropy_engine/src/main.go:18.20,20.3 1 1
sentinel/telemetry/entropy_engine/src/main.go:22.2,23.25 2 1
sentinel/telemetry/entropy_engine/src/main.go:23.25,25.3 1 1
sentinel/telemetry/entropy_engine/src/main.go:27.2,31.27 4 1
sentinel/telemetry/entropy_engine/src/main.go:31.27,33.12 2 1
sentinel/telemetry/entropy_engine/src/main.go:33.12,36.44 2 1
sentinel/telemetry/entropy_engine/src/main.go:36.44,38.14 2 0
sentinel/telemetry/entropy_engine/src/main.go:38.14,40.6 1 0
sentinel/telemetry/entropy_engine/src/main.go:40.11,43.6 1 0
sentinel/telemetry/entropy_engine/src/main.go:49.2,55.3 2 1
sentinel/telemetry/entropy_engine/src/main.go:58.13,63.10 4 0
sentinel/telemetry/entropy_engine/src/main.go:63.10,67.25 4 0
sentinel/telemetry/entropy_engine/src/main.go:67.25,69.4 1 0
sentinel/telemetry/entropy_engine/src/main.go:71.3,76.9 5 0
sentinel/telemetry/entropy_engine/src/main.go:79.2,79.19 1 0
sentinel/telemetry/entropy_engine/src/main.go:79.19,83.3 2 0
